[0411/113054.632:WARNING:value_store_frontend.cc(45)] Reading mhjfbmdgcfjbbpaeojofohoefgiehjai.alarms from  failed: IO error: .../MANIFEST-000001: Unable to create sequential file (ChromeMethodBFE: 7::NewSequentialFile::1)
[0411/113252.218:WARNING:angle_platform_impl.cc(48)] HLSLCompiler.cpp:257 (compileToBinary): 
C:\fakepath(102,1-6): warning X4000: use of potentially uninitialized variable (dyn_index_vec4_float4)

[0411/113252.359:WARNING:angle_platform_impl.cc(48)] HLSLCompiler.cpp:257 (compileToBinary): 
C:\fakepath(125,1): warning X4000: use of potentially uninitialized variable (f_mainImage)

[0411/113252.454:WARNING:angle_platform_impl.cc(48)] HLSLCompiler.cpp:257 (compileToBinary): 
C:\fakepath(135,1): warning X4000: use of potentially uninitialized variable (f_i)
C:\fakepath(137,1): warning X4000: use of potentially uninitialized variable (f_i)
C:\fakepath(173,1): warning X4000: use of potentially uninitialized variable (f_u)

[0411/113253.250:ERROR:gpu_init.cc(426)] Passthrough is not supported, GL is disabled
[0411/113253.622:ERROR:gl_utils.cc(314)] [.WebGL-0000055895DC5A00] GL_INVALID_OPERATION: Two textures of different types use the same sampler location.
[0411/113253.622:ERROR:gl_utils.cc(314)] [.WebGL-0000055895DC5A00] GL_INVALID_OPERATION: Two textures of different types use the same sampler location.
[0411/113253.622:ERROR:gl_utils.cc(314)] [.WebGL-0000055895DC5A00] GL_INVALID_OPERATION: Two textures of different types use the same sampler location.
[0411/113253.622:ERROR:gl_utils.cc(314)] [.WebGL-0000055895DC5A00] GL_INVALID_OPERATION: Two textures of different types use the same sampler location.
[0411/113253.622:ERROR:gl_utils.cc(314)] [.WebGL-0000055895DC5A00] GL_INVALID_OPERATION: Two textures of different types use the same sampler location.
[0411/113253.622:ERROR:gl_utils.cc(314)] [.WebGL-0000055895DC5A00] GL_INVALID_OPERATION: Two textures of different types use the same sampler location.
[0411/113253.622:ERROR:gl_utils.cc(314)] [.WebGL-0000055895DC5A00] GL_INVALID_OPERATION: Two textures of different types use the same sampler location.
[0411/113253.622:ERROR:gl_utils.cc(314)] [.WebGL-0000055895DC5A00] GL_INVALID_OPERATION: Two textures of different types use the same sampler location.
[0411/113253.646:ERROR:gl_utils.cc(314)] [.WebGL-0000055895DC5A00] GL_INVALID_OPERATION: Two textures of different types use the same sampler location.
[0411/113253.646:ERROR:gl_utils.cc(314)] [.WebGL-0000055895DC5A00] GL_INVALID_OPERATION: Two textures of different types use the same sampler location.
[0411/113253.646:ERROR:gl_utils.cc(314)] [.WebGL-0000055895DC5A00] GL_INVALID_OPERATION: Two textures of different types use the same sampler location.
[0411/113253.646:ERROR:gl_utils.cc(314)] [.WebGL-0000055895DC5A00] GL_INVALID_OPERATION: Two textures of different types use the same sampler location.
[0411/113253.646:ERROR:gl_utils.cc(314)] [.WebGL-0000055895DC5A00] GL_INVALID_OPERATION: Two textures of different types use the same sampler location.
[0411/113253.646:ERROR:gl_utils.cc(314)] [.WebGL-0000055895DC5A00] GL_INVALID_OPERATION: Two textures of different types use the same sampler location.
[0411/113253.646:ERROR:gl_utils.cc(314)] [.WebGL-0000055895DC5A00] GL_INVALID_OPERATION: Two textures of different types use the same sampler location.
[0411/113253.646:ERROR:gl_utils.cc(314)] [.WebGL-0000055895DC5A00] GL_INVALID_OPERATION: Two textures of different types use the same sampler location.
[0411/113253.754:WARNING:angle_platform_impl.cc(48)] HLSLCompiler.cpp:257 (compileToBinary): 
C:\fakepath(165,1): warning X4000: use of potentially uninitialized variable (f_renderMipMapLevel)

[0411/113310.957:WARNING:angle_platform_impl.cc(48)] HLSLCompiler.cpp:257 (compileToBinary): 
C:\fakepath(102,1-6): warning X4000: use of potentially uninitialized variable (dyn_index_vec4_float4)

[0411/113311.087:WARNING:angle_platform_impl.cc(48)] HLSLCompiler.cpp:257 (compileToBinary): 
C:\fakepath(125,1): warning X4000: use of potentially uninitialized variable (f_mainImage)

[0411/113311.141:WARNING:angle_platform_impl.cc(48)] HLSLCompiler.cpp:257 (compileToBinary): 
C:\fakepath(135,1): warning X4000: use of potentially uninitialized variable (f_i)
C:\fakepath(137,1): warning X4000: use of potentially uninitialized variable (f_i)
C:\fakepath(173,1): warning X4000: use of potentially uninitialized variable (f_u)

[0411/113314.036:WARNING:angle_platform_impl.cc(48)] HLSLCompiler.cpp:257 (compileToBinary): 
C:\fakepath(102,1-6): warning X4000: use of potentially uninitialized variable (dyn_index_vec4_float4)

[0411/113314.142:WARNING:angle_platform_impl.cc(48)] HLSLCompiler.cpp:257 (compileToBinary): 
C:\fakepath(125,1): warning X4000: use of potentially uninitialized variable (f_mainImage)

[0411/113314.232:WARNING:angle_platform_impl.cc(48)] HLSLCompiler.cpp:257 (compileToBinary): 
C:\fakepath(135,1): warning X4000: use of potentially uninitialized variable (f_i)
C:\fakepath(137,1): warning X4000: use of potentially uninitialized variable (f_i)
C:\fakepath(173,1): warning X4000: use of potentially uninitialized variable (f_u)

[0411/113314.916:ERROR:gl_utils.cc(314)] [.WebGL-000005589848FC80] GL_INVALID_OPERATION: Two textures of different types use the same sampler location.
[0411/113314.916:ERROR:gl_utils.cc(314)] [.WebGL-000005589848FC80] GL_INVALID_OPERATION: Two textures of different types use the same sampler location.
[0411/113314.916:ERROR:gl_utils.cc(314)] [.WebGL-000005589848FC80] GL_INVALID_OPERATION: Two textures of different types use the same sampler location.
[0411/113314.916:ERROR:gl_utils.cc(314)] [.WebGL-000005589848FC80] GL_INVALID_OPERATION: Two textures of different types use the same sampler location.
[0411/113314.916:ERROR:gl_utils.cc(314)] [.WebGL-000005589848FC80] GL_INVALID_OPERATION: Two textures of different types use the same sampler location.
[0411/113314.916:ERROR:gl_utils.cc(314)] [.WebGL-000005589848FC80] GL_INVALID_OPERATION: Two textures of different types use the same sampler location.
[0411/113314.916:ERROR:gl_utils.cc(314)] [.WebGL-000005589848FC80] GL_INVALID_OPERATION: Two textures of different types use the same sampler location.
[0411/113314.918:ERROR:gl_utils.cc(314)] [.WebGL-000005589848FC80] GL_INVALID_OPERATION: Two textures of different types use the same sampler location.
[0411/113314.934:ERROR:gl_utils.cc(314)] [.WebGL-000005589848FC80] GL_INVALID_OPERATION: Two textures of different types use the same sampler location.
[0411/113314.934:ERROR:gl_utils.cc(314)] [.WebGL-000005589848FC80] GL_INVALID_OPERATION: Two textures of different types use the same sampler location.
[0411/113314.934:ERROR:gl_utils.cc(314)] [.WebGL-000005589848FC80] GL_INVALID_OPERATION: Two textures of different types use the same sampler location.
[0411/113314.934:ERROR:gl_utils.cc(314)] [.WebGL-000005589848FC80] GL_INVALID_OPERATION: Two textures of different types use the same sampler location.
[0411/113314.934:ERROR:gl_utils.cc(314)] [.WebGL-000005589848FC80] GL_INVALID_OPERATION: Two textures of different types use the same sampler location.
[0411/113314.934:ERROR:gl_utils.cc(314)] [.WebGL-000005589848FC80] GL_INVALID_OPERATION: Two textures of different types use the same sampler location.
[0411/113314.934:ERROR:gl_utils.cc(314)] [.WebGL-000005589848FC80] GL_INVALID_OPERATION: Two textures of different types use the same sampler location.
[0411/113314.934:ERROR:gl_utils.cc(314)] [.WebGL-000005589848FC80] GL_INVALID_OPERATION: Two textures of different types use the same sampler location.
[0411/113315.053:WARNING:angle_platform_impl.cc(48)] HLSLCompiler.cpp:257 (compileToBinary): 
C:\fakepath(165,1): warning X4000: use of potentially uninitialized variable (f_renderMipMapLevel)

[0411/113551.871:WARNING:angle_platform_impl.cc(48)] HLSLCompiler.cpp:257 (compileToBinary): 
C:\fakepath(102,1-6): warning X4000: use of potentially uninitialized variable (dyn_index_vec4_float4)

[0411/113551.987:WARNING:angle_platform_impl.cc(48)] HLSLCompiler.cpp:257 (compileToBinary): 
C:\fakepath(125,1): warning X4000: use of potentially uninitialized variable (f_mainImage)

[0411/113552.060:WARNING:angle_platform_impl.cc(48)] HLSLCompiler.cpp:257 (compileToBinary): 
C:\fakepath(135,1): warning X4000: use of potentially uninitialized variable (f_i)
C:\fakepath(137,1): warning X4000: use of potentially uninitialized variable (f_i)
C:\fakepath(173,1): warning X4000: use of potentially uninitialized variable (f_u)

[0411/113552.567:WARNING:angle_platform_impl.cc(48)] HLSLCompiler.cpp:257 (compileToBinary): 
C:\fakepath(165,1): warning X4000: use of potentially uninitialized variable (f_renderMipMapLevel)

[0411/113552.567:WARNING:angle_platform_impl.cc(48)] HLSLCompiler.cpp:257 (compileToBinary): 
C:\fakepath(165,1): warning X4000: use of potentially uninitialized variable (f_renderMipMapLevel)

[0411/113552.573:WARNING:angle_platform_impl.cc(48)] HLSLCompiler.cpp:257 (compileToBinary): 
C:\fakepath(165,1): warning X4000: use of potentially uninitialized variable (f_renderMipMapLevel)

[0411/113552.885:WARNING:angle_platform_impl.cc(48)] HLSLCompiler.cpp:257 (compileToBinary): 
C:\fakepath(381,10-38): warning X4008: floating point division by zero
C:\fakepath(381,10-38): warning X4008: floating point division by zero

[0411/113553.243:ERROR:gl_utils.cc(314)] [.WebGL-0000039F9297A080] GL_INVALID_OPERATION: Two textures of different types use the same sampler location.
[0411/113553.259:ERROR:gl_utils.cc(314)] [.WebGL-0000039F9297A080] GL_INVALID_OPERATION: Two textures of different types use the same sampler location.
[0411/113553.387:WARNING:angle_platform_impl.cc(48)] HLSLCompiler.cpp:257 (compileToBinary): 
C:\fakepath(165,1): warning X4000: use of potentially uninitialized variable (f_renderMipMapLevel)

[0411/113553.390:WARNING:angle_platform_impl.cc(48)] HLSLCompiler.cpp:257 (compileToBinary): 
C:\fakepath(165,1): warning X4000: use of potentially uninitialized variable (f_renderMipMapLevel)

[0411/113553.399:WARNING:angle_platform_impl.cc(48)] HLSLCompiler.cpp:257 (compileToBinary): 
C:\fakepath(165,1): warning X4000: use of potentially uninitialized variable (f_renderMipMapLevel)

[0411/113553.404:WARNING:angle_platform_impl.cc(48)] HLSLCompiler.cpp:257 (compileToBinary): 
C:\fakepath(165,1): warning X4000: use of potentially uninitialized variable (f_renderMipMapLevel)

[0411/152931.624:WARNING:angle_platform_impl.cc(48)] HLSLCompiler.cpp:257 (compileToBinary): 
C:\fakepath(102,1-6): warning X4000: use of potentially uninitialized variable (dyn_index_vec4_float4)

[0411/152931.751:WARNING:angle_platform_impl.cc(48)] HLSLCompiler.cpp:257 (compileToBinary): 
C:\fakepath(125,1): warning X4000: use of potentially uninitialized variable (f_mainImage)

[0411/152931.825:WARNING:angle_platform_impl.cc(48)] HLSLCompiler.cpp:257 (compileToBinary): 
C:\fakepath(135,1): warning X4000: use of potentially uninitialized variable (f_i)
C:\fakepath(137,1): warning X4000: use of potentially uninitialized variable (f_i)
C:\fakepath(173,1): warning X4000: use of potentially uninitialized variable (f_u)

[0411/152932.678:ERROR:gl_utils.cc(314)] [.WebGL-000004BEEAB82280] GL_INVALID_OPERATION: Two textures of different types use the same sampler location.
[0411/152932.678:ERROR:gl_utils.cc(314)] [.WebGL-000004BEEAB82280] GL_INVALID_OPERATION: Two textures of different types use the same sampler location.
[0411/152932.678:ERROR:gl_utils.cc(314)] [.WebGL-000004BEEAB82280] GL_INVALID_OPERATION: Two textures of different types use the same sampler location.
[0411/152932.678:ERROR:gl_utils.cc(314)] [.WebGL-000004BEEAB82280] GL_INVALID_OPERATION: Two textures of different types use the same sampler location.
[0411/152932.678:ERROR:gl_utils.cc(314)] [.WebGL-000004BEEAB82280] GL_INVALID_OPERATION: Two textures of different types use the same sampler location.
[0411/152932.680:ERROR:gl_utils.cc(314)] [.WebGL-000004BEEAB82280] GL_INVALID_OPERATION: Two textures of different types use the same sampler location.
[0411/152932.680:ERROR:gl_utils.cc(314)] [.WebGL-000004BEEAB82280] GL_INVALID_OPERATION: Two textures of different types use the same sampler location.
[0411/152932.701:ERROR:gl_utils.cc(314)] [.WebGL-000004BEEAB82280] GL_INVALID_OPERATION: Two textures of different types use the same sampler location.
[0411/152932.701:ERROR:gl_utils.cc(314)] [.WebGL-000004BEEAB82280] GL_INVALID_OPERATION: Two textures of different types use the same sampler location.
[0411/152932.701:ERROR:gl_utils.cc(314)] [.WebGL-000004BEEAB82280] GL_INVALID_OPERATION: Two textures of different types use the same sampler location.
[0411/152932.701:ERROR:gl_utils.cc(314)] [.WebGL-000004BEEAB82280] GL_INVALID_OPERATION: Two textures of different types use the same sampler location.
[0411/152932.701:ERROR:gl_utils.cc(314)] [.WebGL-000004BEEAB82280] GL_INVALID_OPERATION: Two textures of different types use the same sampler location.
[0411/152932.701:ERROR:gl_utils.cc(314)] [.WebGL-000004BEEAB82280] GL_INVALID_OPERATION: Two textures of different types use the same sampler location.
[0411/152932.701:ERROR:gl_utils.cc(314)] [.WebGL-000004BEEAB82280] GL_INVALID_OPERATION: Two textures of different types use the same sampler location.
[0411/152932.809:WARNING:angle_platform_impl.cc(48)] HLSLCompiler.cpp:257 (compileToBinary): 
C:\fakepath(165,1): warning X4000: use of potentially uninitialized variable (f_renderMipMapLevel)

[0411/152944.509:WARNING:spdy_session.cc(3431)] Received HEADERS for invalid stream 613
